Using pre-set license

 COMMAND LINE ARGUMENTS:
/Applications/Unity/Hub/Editor/2020.3.0f1/Unity/Unity.app/Contents/MacOS/Unity
-adb2
-batchMode
-noUpm
-name
AssetImportWorker0
-projectPath
/Users/dragon/GitHub_Repos/lords-domain/Lord's Domain
-logFile
Logs/AssetImportWorker0.log
-srvPort
51153
Successfully changed project path to: /Users/dragon/GitHub_Repos/lords-domain/Lord's Domain
/Users/dragon/GitHub_Repos/lords-domain/Lord's Domain
Using Asset Import Pipeline V2.
Refreshing native plugins compatible for Editor in 47.84 ms, found 1 plugins.
Preloading 0 native plugins for Editor in 0.00 ms.
Initialize engine version: 2020.3.0f1 (c7b5465681fb)
[Subsystems] Discovering subsystems at path /Applications/Unity/Hub/Editor/2020.3.0f1/Unity/Unity.app/Contents/Resources/UnitySubsystems
[Subsystems] Discovering subsystems at path /Users/dragon/GitHub_Repos/lords-domain/Lord's Domain/Assets
GfxDevice: creating device client; threaded=0
2021-03-23 18:16:36.481 Unity[69276:1788664] Color LCD preferred device: Intel(R) Iris(TM) Plus Graphics 650 (low power)
2021-03-23 18:16:36.481 Unity[69276:1788664] Metal devices available: 1
2021-03-23 18:16:36.481 Unity[69276:1788664] 0: Intel(R) Iris(TM) Plus Graphics 650 (low power)
2021-03-23 18:16:36.482 Unity[69276:1788664] Using device Intel(R) Iris(TM) Plus Graphics 650 (low power)
Initializing Metal device caps: Intel(R) Iris(TM) Plus Graphics 650
Initialize mono
Mono path[0] = '/Applications/Unity/Hub/Editor/2020.3.0f1/Unity/Unity.app/Contents/Managed'
Mono path[1] = '/Applications/Unity/Hub/Editor/2020.3.0f1/Unity/Unity.app/Contents/MonoBleedingEdge/lib/mono/unityjit'
Mono config path = '/Applications/Unity/Hub/Editor/2020.3.0f1/Unity/Unity.app/Contents/MonoBleedingEdge/etc'
Using monoOptions --debugger-agent=transport=dt_socket,embedding=1,server=y,suspend=n,address=127.0.0.1:56276
Begin MonoManager ReloadAssembly
Registering precompiled unity dll's ...
Register platform support module: /Applications/Unity/Hub/Editor/2020.3.0f1/Unity/Unity.app/Contents/PlaybackEngines/MacStandaloneSupport/UnityEditor.OSXStandalone.Extensions.dll
Registered in 0.003230 seconds.
Native extension for OSXStandalone target not found
Refreshing native plugins compatible for Editor in 46.68 ms, found 1 plugins.
Preloading 0 native plugins for Editor in 0.00 ms.
Invoked RoslynAnalysisRunner static constructor.
RoslynAnalysisRunner will not be running.
RoslynAnalysisRunner has terminated.
Mono: successfully reloaded assembly
- Completed reload, in  1.540 seconds
Platform modules already initialized, skipping
Registering precompiled user dll's ...
Registered in 0.002357 seconds.
Begin MonoManager ReloadAssembly
Native extension for OSXStandalone target not found
Refreshing native plugins compatible for Editor in 0.36 ms, found 1 plugins.
Preloading 0 native plugins for Editor in 0.00 ms.
Invoked RoslynAnalysisRunner static constructor.
RoslynAnalysisRunner will not be running.
RoslynAnalysisRunner has terminated.
Mono: successfully reloaded assembly
- Completed reload, in  1.369 seconds
Platform modules already initialized, skipping
========================================================================
Worker process is ready to serve import requests
Launching external process: /Applications/Unity/Hub/Editor/2020.3.0f1/Unity/Unity.app/Contents/Tools/UnityShaderCompiler
Launched and connected shader compiler UnityShaderCompiler after 0.02 seconds
Refreshing native plugins compatible for Editor in 0.88 ms, found 1 plugins.
Preloading 0 native plugins for Editor in 0.00 ms.
Unloading 1630 Unused Serialized files (Serialized files now loaded: 0)
System memory in use before: 134.1 MB.
System memory in use after: 134.2 MB.

Unloading 11 unused Assets to reduce memory usage. Loaded Objects now: 2070.
Total: 2.361425 ms (FindLiveObjects: 0.323185 ms CreateObjectMapping: 0.102682 ms MarkObjects: 1.854498 ms  DeleteObjects: 0.079082 ms)

========================================================================
Received Import Request.
  path: Assets/MainMenu.unity
  artifactKey: Guid(b70b2c313032e4d22a264e52e7008a33) Importer(815301076,1909f56bfc062723c751e8b465ee728b)
Start importing Assets/MainMenu.unity using Guid(b70b2c313032e4d22a264e52e7008a33) Importer(815301076,1909f56bfc062723c751e8b465ee728b)  -> (artifact id: 'fc4dcab495d374977c8a0a14f3a14587') in 0.016875 seconds
  Import took 0.022048 seconds .

========================================================================
Received Prepare
Registering precompiled user dll's ...
Registered in 0.001708 seconds.
Begin MonoManager ReloadAssembly
Native extension for OSXStandalone target not found
Refreshing native plugins compatible for Editor in 0.48 ms, found 1 plugins.
Preloading 0 native plugins for Editor in 0.00 ms.
Invoked RoslynAnalysisRunner static constructor.
RoslynAnalysisRunner will not be running.
RoslynAnalysisRunner has terminated.
Mono: successfully reloaded assembly
- Completed reload, in  1.122 seconds
Platform modules already initialized, skipping
Refreshing native plugins compatible for Editor in 0.36 ms, found 1 plugins.
Preloading 0 native plugins for Editor in 0.00 ms.
Unloading 1583 Unused Serialized files (Serialized files now loaded: 0)
System memory in use before: 131.0 MB.
System memory in use after: 131.0 MB.

Unloading 6 unused Assets to reduce memory usage. Loaded Objects now: 2073.
Total: 2.082187 ms (FindLiveObjects: 0.348491 ms CreateObjectMapping: 0.093367 ms MarkObjects: 1.613516 ms  DeleteObjects: 0.025297 ms)

