Using pre-set license
Built from '2020.3/staging' branch; Version is '2020.3.0f1 (c7b5465681fb) revision 13088070'; Using compiler version '192528614'; Build Type 'Release'
OS: 'Windows 10 Home; OS build 19041.867; Version 2004; 64bit' Language: 'en' Physical Memory: 16335 MB
BatchMode: 1, IsHumanControllingUs: 0, StartBugReporterOnCrash: 0, Is64bit: 1, IsPro: 0

 COMMAND LINE ARGUMENTS:
C:\Program Files\Unity\Hub\Editor\2020.3.0f1\Editor\Unity.exe
-adb2
-batchMode
-noUpm
-name
AssetImportWorker0
-projectPath
C:/Dev/Unity Projects/lords-domain/LordsDomain
-logFile
Logs/AssetImportWorker0.log
-srvPort
50789
Successfully changed project path to: C:/Dev/Unity Projects/lords-domain/LordsDomain
C:/Dev/Unity Projects/lords-domain/LordsDomain
Using Asset Import Pipeline V2.
Refreshing native plugins compatible for Editor in 48.10 ms, found 0 plugins.
Preloading 0 native plugins for Editor in 0.00 ms.
Initialize engine version: 2020.3.0f1 (c7b5465681fb)
[Subsystems] Discovering subsystems at path C:/Program Files/Unity/Hub/Editor/2020.3.0f1/Editor/Data/Resources/UnitySubsystems
[Subsystems] Discovering subsystems at path C:/Dev/Unity Projects/lords-domain/LordsDomain/Assets
GfxDevice: creating device client; threaded=0
Direct3D:
    Version:  Direct3D 11.0 [level 11.1]
    Renderer: Radeon RX 590 Series (ID=0x67df)
    Vendor:   
    VRAM:     8171 MB
    Driver:   27.20.12027.1001
Initialize mono
Mono path[0] = 'C:/Program Files/Unity/Hub/Editor/2020.3.0f1/Editor/Data/Managed'
Mono path[1] = 'C:/Program Files/Unity/Hub/Editor/2020.3.0f1/Editor/Data/MonoBleedingEdge/lib/mono/unityjit'
Mono config path = 'C:/Program Files/Unity/Hub/Editor/2020.3.0f1/Editor/Data/MonoBleedingEdge/etc'
Using monoOptions --debugger-agent=transport=dt_socket,embedding=1,server=y,suspend=n,address=127.0.0.1:56800
Begin MonoManager ReloadAssembly
Registering precompiled unity dll's ...
Register platform support module: C:/Program Files/Unity/Hub/Editor/2020.3.0f1/Editor/Data/PlaybackEngines/WindowsStandaloneSupport/UnityEditor.WindowsStandalone.Extensions.dll
Registered in 0.003678 seconds.
Native extension for WindowsStandalone target not found
Refreshing native plugins compatible for Editor in 41.40 ms, found 0 plugins.
Preloading 0 native plugins for Editor in 0.00 ms.
Unable to find bridge dll in registry for Microsoft Visual Studio Tools for Unity for C:/Program Files (x86)/Microsoft Visual Studio/2019/Community/Common7/IDE/devenv.exe
Invoked RoslynAnalysisRunner static constructor.
RoslynAnalysisRunner will not be running.
RoslynAnalysisRunner has terminated.
Mono: successfully reloaded assembly
- Completed reload, in  1.392 seconds
Platform modules already initialized, skipping
Registering precompiled user dll's ...
Registered in 0.002040 seconds.
Begin MonoManager ReloadAssembly
Native extension for WindowsStandalone target not found
Refreshing native plugins compatible for Editor in 0.56 ms, found 0 plugins.
Preloading 0 native plugins for Editor in 0.00 ms.
Invoked RoslynAnalysisRunner static constructor.
RoslynAnalysisRunner will not be running.
RoslynAnalysisRunner has terminated.
Mono: successfully reloaded assembly
- Completed reload, in  1.095 seconds
Platform modules already initialized, skipping
========================================================================
Worker process is ready to serve import requests
Launched and connected shader compiler UnityShaderCompiler.exe after 0.07 seconds
Refreshing native plugins compatible for Editor in 0.43 ms, found 0 plugins.
Preloading 0 native plugins for Editor in 0.00 ms.
Unloading 1630 Unused Serialized files (Serialized files now loaded: 0)
System memory in use before: 78.2 MB.
System memory in use after: 78.3 MB.

Unloading 11 unused Assets to reduce memory usage. Loaded Objects now: 2070.
Total: 2.294200 ms (FindLiveObjects: 0.339800 ms CreateObjectMapping: 0.097700 ms MarkObjects: 1.778500 ms  DeleteObjects: 0.077000 ms)

========================================================================
Received Import Request.
  path: Assets/Long Images/Logo.png
  artifactKey: Guid(1be1ad38d8f0043c9b6b4f4411b3eba9) Importer(815301076,1909f56bfc062723c751e8b465ee728b)
Start importing Assets/Long Images/Logo.png using Guid(1be1ad38d8f0043c9b6b4f4411b3eba9) Importer(815301076,1909f56bfc062723c751e8b465ee728b)  -> (artifact id: '506b6e99bba753ba852780c319e8ac04') in 0.176026 seconds
  Import took 0.179776 seconds .

========================================================================
Received Import Request.
  Time since last request: 0.000324 seconds.
  path: Assets/Long Audio/ButtonHighlightSound.wav
  artifactKey: Guid(5fbdbdbb3ddac4decb68faf1833a94e2) Importer(815301076,1909f56bfc062723c751e8b465ee728b)
Start importing Assets/Long Audio/ButtonHighlightSound.wav using Guid(5fbdbdbb3ddac4decb68faf1833a94e2) Importer(815301076,1909f56bfc062723c751e8b465ee728b)  -> (artifact id: 'b51f50115b8d1e9215a8445f8bde815c') in 0.079852 seconds
  Import took 0.083487 seconds .

========================================================================
Received Import Request.
  Time since last request: 0.000368 seconds.
  path: Assets/Long Audio/StartMenuBackgroundSound.wav
  artifactKey: Guid(9781119cdc9b84be0a78b0c6f8527340) Importer(815301076,1909f56bfc062723c751e8b465ee728b)
Start importing Assets/Long Audio/StartMenuBackgroundSound.wav using Guid(9781119cdc9b84be0a78b0c6f8527340) Importer(815301076,1909f56bfc062723c751e8b465ee728b)  -> (artifact id: 'bd767aa5ff4770dddb1a711723ea84ff') in 0.024090 seconds
  Import took 0.028246 seconds .

========================================================================
Received Import Request.
  Time since last request: 0.000441 seconds.
  path: Assets/Long Audio/ButtonClickSound.prefab
  artifactKey: Guid(2ff6fd806627b4bcaa162f55fb8bb5f1) Importer(815301076,1909f56bfc062723c751e8b465ee728b)
Start importing Assets/Long Audio/ButtonClickSound.prefab using Guid(2ff6fd806627b4bcaa162f55fb8bb5f1) Importer(815301076,1909f56bfc062723c751e8b465ee728b)  -> (artifact id: 'f8425190c10f98dd25396ea4805ff6d2') in 0.024241 seconds
  Import took 0.029679 seconds .

========================================================================
Received Import Request.
  Time since last request: 0.000317 seconds.
  path: Assets/Long Images/StartBackground.JPG
  artifactKey: Guid(a8a8b7420f22745c290ad55918165157) Importer(815301076,1909f56bfc062723c751e8b465ee728b)
Start importing Assets/Long Images/StartBackground.JPG using Guid(a8a8b7420f22745c290ad55918165157) Importer(815301076,1909f56bfc062723c751e8b465ee728b)  -> (artifact id: 'fee9ec90c88417feedd77bbf3234b476') in 0.035095 seconds
  Import took 0.039263 seconds .

========================================================================
Received Import Request.
  Time since last request: 0.000304 seconds.
  path: Assets/Long Audio/ButtonHighlightSound.prefab
  artifactKey: Guid(dd043567808824f438890989174827ad) Importer(815301076,1909f56bfc062723c751e8b465ee728b)
Start importing Assets/Long Audio/ButtonHighlightSound.prefab using Guid(dd043567808824f438890989174827ad) Importer(815301076,1909f56bfc062723c751e8b465ee728b)  -> (artifact id: '44a1b52644bd0a776a9d6a16333d5ad0') in 0.006958 seconds
  Import took 0.011892 seconds .

========================================================================
Received Import Request.
  Time since last request: 0.000258 seconds.
  path: Assets/Long Audio/ButtonClickSound.wav
  artifactKey: Guid(934251760f4244a92ab7e24794731a35) Importer(815301076,1909f56bfc062723c751e8b465ee728b)
Start importing Assets/Long Audio/ButtonClickSound.wav using Guid(934251760f4244a92ab7e24794731a35) Importer(815301076,1909f56bfc062723c751e8b465ee728b)  -> (artifact id: '1dd04a2b9b8847f73730e2974b1acf42') in 0.026768 seconds
  Import took 0.031685 seconds .

========================================================================
Received Import Request.
  Time since last request: 190.871379 seconds.
  path: Assets/Scripts/Core
  artifactKey: Guid(22415b0b323d44ef59e4bb108e1718f7) Importer(815301076,1909f56bfc062723c751e8b465ee728b)
Start importing Assets/Scripts/Core using Guid(22415b0b323d44ef59e4bb108e1718f7) Importer(815301076,1909f56bfc062723c751e8b465ee728b)  -> (artifact id: 'a8605f320f373e8facaa77eb1ff8947b') in 0.010775 seconds
  Import took 0.014923 seconds .

========================================================================
Received Import Request.
  Time since last request: 1.923342 seconds.
  path: Assets/Scripts/Core/Simulation.cs
  artifactKey: Guid(49acb6b35735642baab9470acce76368) Importer(815301076,1909f56bfc062723c751e8b465ee728b)
Start importing Assets/Scripts/Core/Simulation.cs using Guid(49acb6b35735642baab9470acce76368) Importer(815301076,1909f56bfc062723c751e8b465ee728b)  -> (artifact id: '1f797399c2210f08b4b7dd41ebafd78c') in 0.017486 seconds
  Import took 0.021830 seconds .

========================================================================
Received Import Request.
  Time since last request: 0.028431 seconds.
  path: Assets/Scripts/Core/Simulation.cs
  artifactKey: Guid(49acb6b35735642baab9470acce76368) Importer(815301076,1909f56bfc062723c751e8b465ee728b)
Start importing Assets/Scripts/Core/Simulation.cs using Guid(49acb6b35735642baab9470acce76368) Importer(815301076,1909f56bfc062723c751e8b465ee728b)  -> (artifact id: '1f797399c2210f08b4b7dd41ebafd78c') in 0.004580 seconds
  Import took 0.009094 seconds .

========================================================================
Received Import Request.
  Time since last request: 3.762494 seconds.
  path: Assets/Scripts/Core/Simulation.Event.cs
  artifactKey: Guid(808327a9d6f9344eab70aca5c52427e5) Importer(815301076,1909f56bfc062723c751e8b465ee728b)
Start importing Assets/Scripts/Core/Simulation.Event.cs using Guid(808327a9d6f9344eab70aca5c52427e5) Importer(815301076,1909f56bfc062723c751e8b465ee728b)  -> (artifact id: '6d587736d2c951c117688e6664d6330a') in 0.009440 seconds
  Import took 0.012958 seconds .

========================================================================
Received Import Request.
  Time since last request: 233.697456 seconds.
  path: Assets/Scenes/SampleScene.unity
  artifactKey: Guid(2cda990e2423bbf4892e6590ba056729) Importer(815301076,1909f56bfc062723c751e8b465ee728b)
Start importing Assets/Scenes/SampleScene.unity using Guid(2cda990e2423bbf4892e6590ba056729) Importer(815301076,1909f56bfc062723c751e8b465ee728b)  -> (artifact id: 'f1fa36bdf2bae70d0f1876ae86e842dd') in 0.013564 seconds
  Import took 0.018697 seconds .

========================================================================
Received Import Request.
  Time since last request: 0.001709 seconds.
  path: Assets/Scenes/SampleScene.unity
  artifactKey: Guid(2cda990e2423bbf4892e6590ba056729) Importer(815301076,1909f56bfc062723c751e8b465ee728b)
Start importing Assets/Scenes/SampleScene.unity using Guid(2cda990e2423bbf4892e6590ba056729) Importer(815301076,1909f56bfc062723c751e8b465ee728b)  -> (artifact id: 'f1fa36bdf2bae70d0f1876ae86e842dd') in 0.006373 seconds
  Import took 0.011220 seconds .

========================================================================
Received Import Request.
  Time since last request: 149.853897 seconds.
  path: Assets/Environment/Tiles
  artifactKey: Guid(4474b62c0bbd34bd1898f71040df4119) Importer(815301076,1909f56bfc062723c751e8b465ee728b)
Start importing Assets/Environment/Tiles using Guid(4474b62c0bbd34bd1898f71040df4119) Importer(815301076,1909f56bfc062723c751e8b465ee728b)  -> (artifact id: '8f8660ba2805913c83bbde56a595b6eb') in 0.012010 seconds
  Import took 0.015746 seconds .

========================================================================
Received Prepare
Registering precompiled user dll's ...
Registered in 0.001619 seconds.
Begin MonoManager ReloadAssembly
Native extension for WindowsStandalone target not found
Refreshing native plugins compatible for Editor in 0.55 ms, found 0 plugins.
Preloading 0 native plugins for Editor in 0.00 ms.
Invoked RoslynAnalysisRunner static constructor.
RoslynAnalysisRunner will not be running.
RoslynAnalysisRunner has terminated.
Mono: successfully reloaded assembly
- Completed reload, in  0.889 seconds
Platform modules already initialized, skipping
Refreshing native plugins compatible for Editor in 0.38 ms, found 0 plugins.
Preloading 0 native plugins for Editor in 0.00 ms.
Unloading 1583 Unused Serialized files (Serialized files now loaded: 0)
System memory in use before: 78.1 MB.
System memory in use after: 78.2 MB.

Unloading 6 unused Assets to reduce memory usage. Loaded Objects now: 2087.
Total: 2.020100 ms (FindLiveObjects: 0.203500 ms CreateObjectMapping: 0.038800 ms MarkObjects: 1.758900 ms  DeleteObjects: 0.017600 ms)

========================================================================
Received Import Request.
  Time since last request: 315.616738 seconds.
  path: Packages/com.unity.editorcoroutines
  artifactKey: Guid(1952614fce943faa675b00dec53d678b) Importer(815301076,1909f56bfc062723c751e8b465ee728b)
Start importing Packages/com.unity.editorcoroutines using Guid(1952614fce943faa675b00dec53d678b) Importer(815301076,1909f56bfc062723c751e8b465ee728b)  -> (artifact id: '6e86733e0962bb9448adc9d96dcf8ae7') in 0.011844 seconds
  Import took 0.014869 seconds .

========================================================================
Received Import Request.
  Time since last request: 1340.485562 seconds.
  path: Assets/Long Scripts/Destroy.cs
  artifactKey: Guid(704610d9dad7c4b30827e06d002a58cc) Importer(815301076,1909f56bfc062723c751e8b465ee728b)
Start importing Assets/Long Scripts/Destroy.cs using Guid(704610d9dad7c4b30827e06d002a58cc) Importer(815301076,1909f56bfc062723c751e8b465ee728b)  -> (artifact id: 'd288166237b64f20601b82bef989e7ac') in 0.009049 seconds
  Import took 0.012373 seconds .

========================================================================
Received Import Request.
  Time since last request: 136.162444 seconds.
  path: Assets/MainMenu.unity
  artifactKey: Guid(b70b2c313032e4d22a264e52e7008a33) Importer(815301076,1909f56bfc062723c751e8b465ee728b)
Start importing Assets/MainMenu.unity using Guid(b70b2c313032e4d22a264e52e7008a33) Importer(815301076,1909f56bfc062723c751e8b465ee728b)  -> (artifact id: '696d9f633989a353f290401dabd49776') in 0.016649 seconds
  Import took 0.019603 seconds .

========================================================================
Received Prepare
Registering precompiled user dll's ...
Registered in 0.001625 seconds.
Begin MonoManager ReloadAssembly
Native extension for WindowsStandalone target not found
Refreshing native plugins compatible for Editor in 0.62 ms, found 0 plugins.
Preloading 0 native plugins for Editor in 0.00 ms.
Invoked RoslynAnalysisRunner static constructor.
RoslynAnalysisRunner will not be running.
RoslynAnalysisRunner has terminated.
Mono: successfully reloaded assembly
- Completed reload, in  0.971 seconds
Platform modules already initialized, skipping
Refreshing native plugins compatible for Editor in 0.37 ms, found 0 plugins.
Preloading 0 native plugins for Editor in 0.00 ms.
Unloading 1583 Unused Serialized files (Serialized files now loaded: 0)
System memory in use before: 78.1 MB.
System memory in use after: 78.2 MB.

Unloading 6 unused Assets to reduce memory usage. Loaded Objects now: 2090.
Total: 1.947300 ms (FindLiveObjects: 0.235100 ms CreateObjectMapping: 0.042300 ms MarkObjects: 1.649100 ms  DeleteObjects: 0.019700 ms)

========================================================================
Received Import Request.
  Time since last request: 407.969534 seconds.
  path: Assets/Scripts
  artifactKey: Guid(3275a72dee34e4fb180df0447d416a17) Importer(815301076,1909f56bfc062723c751e8b465ee728b)
Start importing Assets/Scripts using Guid(3275a72dee34e4fb180df0447d416a17) Importer(815301076,1909f56bfc062723c751e8b465ee728b)  -> (artifact id: '8401b7d5c8af40515558797b1c51a5e1') in 0.014355 seconds
  Import took 0.017572 seconds .

========================================================================
Received Import Request.
  Time since last request: 4.036508 seconds.
  path: Assets/Prefabs/Button.prefab
  artifactKey: Guid(7177f94ecf0cf1043a4790c439edbad6) Importer(815301076,1909f56bfc062723c751e8b465ee728b)
Start importing Assets/Prefabs/Button.prefab using Guid(7177f94ecf0cf1043a4790c439edbad6) Importer(815301076,1909f56bfc062723c751e8b465ee728b)  -> (artifact id: '863288860d9ea2c91c7e6f99f89da6f9') in 0.089910 seconds
  Import took 0.092880 seconds .

========================================================================
Received Import Request.
  Time since last request: 0.006141 seconds.
  path: Assets/Prefabs/Button.prefab
  artifactKey: Guid(7177f94ecf0cf1043a4790c439edbad6) Importer(815301076,1909f56bfc062723c751e8b465ee728b)
Start importing Assets/Prefabs/Button.prefab using Guid(7177f94ecf0cf1043a4790c439edbad6) Importer(815301076,1909f56bfc062723c751e8b465ee728b)  -> (artifact id: '863288860d9ea2c91c7e6f99f89da6f9') in 0.027062 seconds
  Import took 0.030021 seconds .

========================================================================
Received Prepare
Registering precompiled user dll's ...
Registered in 0.001556 seconds.
Begin MonoManager ReloadAssembly
Native extension for WindowsStandalone target not found
Refreshing native plugins compatible for Editor in 0.39 ms, found 0 plugins.
Preloading 0 native plugins for Editor in 0.00 ms.
Invoked RoslynAnalysisRunner static constructor.
RoslynAnalysisRunner will not be running.
RoslynAnalysisRunner has terminated.
Mono: successfully reloaded assembly
- Completed reload, in  0.927 seconds
Platform modules already initialized, skipping
Refreshing native plugins compatible for Editor in 0.39 ms, found 0 plugins.
Preloading 0 native plugins for Editor in 0.00 ms.
Unloading 1579 Unused Serialized files (Serialized files now loaded: 0)
System memory in use before: 78.1 MB.
System memory in use after: 78.2 MB.

Unloading 10 unused Assets to reduce memory usage. Loaded Objects now: 2089.
Total: 1.852800 ms (FindLiveObjects: 0.223400 ms CreateObjectMapping: 0.039100 ms MarkObjects: 1.568800 ms  DeleteObjects: 0.019500 ms)

========================================================================
Received Prepare
Registering precompiled user dll's ...
Registered in 0.001593 seconds.
Begin MonoManager ReloadAssembly
Native extension for WindowsStandalone target not found
Refreshing native plugins compatible for Editor in 0.38 ms, found 0 plugins.
Preloading 0 native plugins for Editor in 0.00 ms.
Invoked RoslynAnalysisRunner static constructor.
RoslynAnalysisRunner will not be running.
RoslynAnalysisRunner has terminated.
Mono: successfully reloaded assembly
- Completed reload, in  0.912 seconds
Platform modules already initialized, skipping
Refreshing native plugins compatible for Editor in 0.37 ms, found 0 plugins.
Preloading 0 native plugins for Editor in 0.00 ms.
Unloading 1583 Unused Serialized files (Serialized files now loaded: 0)
System memory in use before: 78.2 MB.
System memory in use after: 78.3 MB.

Unloading 6 unused Assets to reduce memory usage. Loaded Objects now: 2096.
Total: 2.016900 ms (FindLiveObjects: 0.216400 ms CreateObjectMapping: 0.040500 ms MarkObjects: 1.742100 ms  DeleteObjects: 0.016600 ms)

========================================================================
Received Import Request.
  Time since last request: 909.714999 seconds.
  path: Assets/TextMesh Pro
  artifactKey: Guid(90c8a77bb59e344c0809ce5bfbb72b45) Importer(815301076,1909f56bfc062723c751e8b465ee728b)
Start importing Assets/TextMesh Pro using Guid(90c8a77bb59e344c0809ce5bfbb72b45) Importer(815301076,1909f56bfc062723c751e8b465ee728b)  -> (artifact id: '03fc30a3777516b4b18b1c7a2ceedbd7') in 0.013261 seconds
  Import took 0.016332 seconds .

========================================================================
Received Import Request.
  Time since last request: 5.683672 seconds.
  path: Assets/TextMesh Pro/Resources/Fonts & Materials/LiberationSans SDF.asset
  artifactKey: Guid(8f586378b4e144a9851e7b34d9b748ee) Importer(815301076,1909f56bfc062723c751e8b465ee728b)
Start importing Assets/TextMesh Pro/Resources/Fonts & Materials/LiberationSans SDF.asset using Guid(8f586378b4e144a9851e7b34d9b748ee) Importer(815301076,1909f56bfc062723c751e8b465ee728b)  -> (artifact id: 'd7759f4b584afb15bff4ba034ef99be3') in 0.058507 seconds
  Import took 0.061471 seconds .

AssetImportWorkerClient::OnTransportError - code=2 error=End of file
